1515387426255	geckodriver	INFO	geckodriver 0.19.1
1515387426321	geckodriver	INFO	Listening on 127.0.0.1:52547
1515387426431	mozrunner::runner	INFO	Running command: "/Applications/Firefox.app/Contents/MacOS/firefox-bin" "-marionette" "-profile" "/var/folders/55/3hhvyp4x22ncqxqjgsgftt200000gn/T/rust_mozprofile.E4Es0ah9P0uQ"
1515387427151	Marionette	INFO	Enabled via --marionette
2018-01-07 23:57:08.098 plugin-container[65447:16037941] *** CFMessagePort: bootstrap_register(): failed 1100 (0x44c) 'Permission denied', port = 0xa13f, name = 'com.apple.tsm.portname'
See /usr/include/servers/bootstrap_defs.h for the error codes.
1515387428480	Marionette	INFO	Listening on port 52552
1515387428874	Marionette	WARN	TLS certificate errors will be ignored for this session
1515387428921	Marionette	DEBUG	Register listener.js for window 2147483649
1515387433718	Marionette	DEBUG	Received DOM event "beforeunload" for "about:blank"
1515387434052	Marionette	DEBUG	Received DOM event "pagehide" for "about:blank"
1515387434052	Marionette	DEBUG	Received DOM event "unload" for "about:blank"
1515387435528	Marionette	DEBUG	Received DOM event "DOMContentLoaded" for "https://www.facebook.com/"
1515387436763	Marionette	DEBUG	Received DOM event "pageshow" for "https://www.facebook.com/"
1515387495191	geckodriver	INFO	geckodriver 0.19.1
1515387495260	geckodriver	INFO	Listening on 127.0.0.1:52599
1515387495562	mozrunner::runner	INFO	Running command: "/Applications/Firefox.app/Contents/MacOS/firefox-bin" "-marionette" "-profile" "/var/folders/55/3hhvyp4x22ncqxqjgsgftt200000gn/T/rust_mozprofile.634wVECGg5aF"
1515387497251	Marionette	INFO	Enabled via --marionette
2018-01-07 23:58:18.256 plugin-container[65468:16040124] *** CFMessagePort: bootstrap_register(): failed 1100 (0x44c) 'Permission denied', port = 0xa03f, name = 'com.apple.tsm.portname'
See /usr/include/servers/bootstrap_defs.h for the error codes.
1515387498719	Marionette	INFO	Listening on port 52604
1515387499212	Marionette	WARN	TLS certificate errors will be ignored for this session
1515387499262	Marionette	DEBUG	Register listener.js for window 2147483649
1515387504377	Marionette	DEBUG	Received DOM event "beforeunload" for "about:blank"
1515387504740	Marionette	DEBUG	Received DOM event "pagehide" for "about:blank"
1515387504741	Marionette	DEBUG	Received DOM event "unload" for "about:blank"
1515387506069	Marionette	DEBUG	Received DOM event "DOMContentLoaded" for "https://www.facebook.com/"
1515387507456	Marionette	DEBUG	Received DOM event "pageshow" for "https://www.facebook.com/"
1515387518012	geckodriver	INFO	geckodriver 0.19.1
1515387518081	geckodriver	INFO	Listening on 127.0.0.1:52646
1515387518445	mozrunner::runner	INFO	Running command: "/Applications/Firefox.app/Contents/MacOS/firefox-bin" "-marionette" "-profile" "/var/folders/55/3hhvyp4x22ncqxqjgsgftt200000gn/T/rust_mozprofile.VsjeKKVx2h6k"
1515387520320	Marionette	INFO	Enabled via --marionette
*** UTM:SVC TimerManager:registerTimer called after profile-before-change notification. Ignoring timer registration for id: telemetry_modules_ping
2018-01-07 23:58:41.783 plugin-container[65477:16041179] *** CFMessagePort: bootstrap_register(): failed 1100 (0x44c) 'Permission denied', port = 0xa13f, name = 'com.apple.tsm.portname'
See /usr/include/servers/bootstrap_defs.h for the error codes.
1515387522130	Marionette	INFO	Listening on port 52651
1515387522235	Marionette	WARN	TLS certificate errors will be ignored for this session
1515387522291	Marionette	DEBUG	Register listener.js for window 2147483649
1515387524794	Marionette	DEBUG	Received DOM event "beforeunload" for "about:blank"
1515387525127	Marionette	DEBUG	Received DOM event "pagehide" for "about:blank"
1515387525127	Marionette	DEBUG	Received DOM event "unload" for "about:blank"
1515387526449	Marionette	DEBUG	Received DOM event "DOMContentLoaded" for "https://www.facebook.com/"
1515387527511	Marionette	DEBUG	Received DOM event "pageshow" for "https://www.facebook.com/"
1515387564317	geckodriver	INFO	geckodriver 0.19.1
1515387564383	geckodriver	INFO	Listening on 127.0.0.1:52695
1515387564493	mozrunner::runner	INFO	Running command: "/Applications/Firefox.app/Contents/MacOS/firefox-bin" "-marionette" "-profile" "/var/folders/55/3hhvyp4x22ncqxqjgsgftt200000gn/T/rust_mozprofile.prwawBaYz4Mp"
1515387564966	Marionette	INFO	Enabled via --marionette
2018-01-07 23:59:25.733 plugin-container[65494:16043370] *** CFMessagePort: bootstrap_register(): failed 1100 (0x44c) 'Permission denied', port = 0xa03f, name = 'com.apple.tsm.portname'
See /usr/include/servers/bootstrap_defs.h for the error codes.
1515387566110	Marionette	INFO	Listening on port 52700
1515387566948	Marionette	WARN	TLS certificate errors will be ignored for this session
1515387566998	Marionette	DEBUG	Register listener.js for window 2147483649
1515387567915	Marionette	DEBUG	Received DOM event "beforeunload" for "about:blank"
1515387568316	Marionette	DEBUG	Received DOM event "pagehide" for "about:blank"
1515387568316	Marionette	DEBUG	Received DOM event "unload" for "about:blank"
1515387569647	Marionette	DEBUG	Received DOM event "DOMContentLoaded" for "https://www.facebook.com/"
1515387570672	Marionette	DEBUG	Received DOM event "pageshow" for "https://www.facebook.com/"
*** UTM:SVC TimerManager:registerTimer called after profile-before-change notification. Ignoring timer registration for id: telemetry_modules_ping
1515387666242	geckodriver	INFO	geckodriver 0.19.1
1515387666311	geckodriver	INFO	Listening on 127.0.0.1:52754
1515387666451	mozrunner::runner	INFO	Running command: "/Applications/Firefox.app/Contents/MacOS/firefox-bin" "-marionette" "-profile" "/var/folders/55/3hhvyp4x22ncqxqjgsgftt200000gn/T/rust_mozprofile.6eWIIoGgNciu"
1515387667767	Marionette	INFO	Enabled via --marionette
2018-01-08 00:01:08.552 plugin-container[65540:16051520] *** CFMessagePort: bootstrap_register(): failed 1100 (0x44c) 'Permission denied', port = 0xa03f, name = 'com.apple.tsm.portname'
See /usr/include/servers/bootstrap_defs.h for the error codes.
1515387668971	Marionette	INFO	Listening on port 52759
1515387669048	Marionette	WARN	TLS certificate errors will be ignored for this session
1515387669109	Marionette	DEBUG	Register listener.js for window 2147483649
1515387677879	Marionette	DEBUG	Received DOM event "beforeunload" for "about:blank"
1515387678248	Marionette	DEBUG	Received DOM event "pagehide" for "about:blank"
1515387678248	Marionette	DEBUG	Received DOM event "unload" for "about:blank"
1515387679595	Marionette	DEBUG	Received DOM event "DOMContentLoaded" for "https://www.facebook.com/"
1515387680859	Marionette	DEBUG	Received DOM event "pageshow" for "https://www.facebook.com/"
console.warn: LoginRecipes: getRecipes: falling back to a synchronous message for: https://www.facebook.com
console.warn: nsLoginManager: searchLogins: `formSubmitURL` or `httpRealm` is recommended
1515387724309	geckodriver	INFO	geckodriver 0.19.1
1515387724376	geckodriver	INFO	Listening on 127.0.0.1:52813
1515387724518	mozrunner::runner	INFO	Running command: "/Applications/Firefox.app/Contents/MacOS/firefox-bin" "-marionette" "-profile" "/var/folders/55/3hhvyp4x22ncqxqjgsgftt200000gn/T/rust_mozprofile.pXYCElYSaFuu"
1515387726058	Marionette	INFO	Enabled via --marionette
2018-01-08 00:02:06.963 plugin-container[65559:16053491] *** CFMessagePort: bootstrap_register(): failed 1100 (0x44c) 'Permission denied', port = 0xa03f, name = 'com.apple.tsm.portname'
See /usr/include/servers/bootstrap_defs.h for the error codes.
1515387727745	Marionette	INFO	Listening on port 52818
1515387728166	Marionette	WARN	TLS certificate errors will be ignored for this session
1515387728222	Marionette	DEBUG	Register listener.js for window 2147483649
1515387738761	Marionette	DEBUG	Received DOM event "beforeunload" for "about:blank"
1515387739254	Marionette	DEBUG	Received DOM event "pagehide" for "about:blank"
1515387739254	Marionette	DEBUG	Received DOM event "unload" for "about:blank"
1515387740511	Marionette	DEBUG	Received DOM event "DOMContentLoaded" for "https://www.facebook.com/"
1515387741485	Marionette	DEBUG	Received DOM event "pageshow" for "https://www.facebook.com/"
1515387810566	geckodriver	INFO	geckodriver 0.19.1
1515387810636	geckodriver	INFO	Listening on 127.0.0.1:52868
1515387810776	mozrunner::runner	INFO	Running command: "/Applications/Firefox.app/Contents/MacOS/firefox-bin" "-marionette" "-profile" "/var/folders/55/3hhvyp4x22ncqxqjgsgftt200000gn/T/rust_mozprofile.QIC8X9RlQtXH"
1515387811348	Marionette	INFO	Enabled via --marionette
2018-01-08 00:03:32.122 plugin-container[65581:16056090] *** CFMessagePort: bootstrap_register(): failed 1100 (0x44c) 'Permission denied', port = 0xa03b, name = 'com.apple.tsm.portname'
See /usr/include/servers/bootstrap_defs.h for the error codes.
1515387812493	Marionette	INFO	Listening on port 52873
1515387813232	Marionette	WARN	TLS certificate errors will be ignored for this session
1515387813279	Marionette	DEBUG	Register listener.js for window 2147483649
1515387819569	Marionette	DEBUG	Received DOM event "beforeunload" for "about:blank"
1515387820021	Marionette	DEBUG	Received DOM event "pagehide" for "about:blank"
1515387820022	Marionette	DEBUG	Received DOM event "unload" for "about:blank"
1515387821614	Marionette	DEBUG	Received DOM event "DOMContentLoaded" for "https://www.facebook.com/"
1515387822684	Marionette	DEBUG	Received DOM event "pageshow" for "https://www.facebook.com/"
1515387822970	Marionette	DEBUG	Received DOM event "beforeunload" for "https://www.facebook.com/"
1515387824071	Marionette	DEBUG	Received DOM event "pagehide" for "https://www.facebook.com/"
1515387824072	Marionette	DEBUG	Received DOM event "unload" for "https://www.facebook.com/"
1515387824438	Marionette	DEBUG	Received observer notification "outer-window-destroyed" for "2147483653"
1515387826341	Marionette	DEBUG	Received DOM event "DOMContentLoaded" for "https://www.facebook.com/"
1515387829709	Marionette	DEBUG	Received DOM event "pageshow" for "https://www.facebook.com/"
2018-01-08 00:04:02.040 plugin-container[65585:16057303] *** CFMessagePort: bootstrap_register(): failed 1100 (0x44c) 'Permission denied', port = 0xa73f, name = 'com.apple.tsm.portname'
See /usr/include/servers/bootstrap_defs.h for the error codes.
1515388073655	geckodriver	INFO	geckodriver 0.19.1
1515388073722	geckodriver	INFO	Listening on 127.0.0.1:52982
1515388074083	mozrunner::runner	INFO	Running command: "/Applications/Firefox.app/Contents/MacOS/firefox-bin" "-marionette" "-profile" "/var/folders/55/3hhvyp4x22ncqxqjgsgftt200000gn/T/rust_mozprofile.hpym8BlYfbXO"
1515388075557	Marionette	INFO	Enabled via --marionette
2018-01-08 00:07:56.329 plugin-container[65636:16066303] *** CFMessagePort: bootstrap_register(): failed 1100 (0x44c) 'Permission denied', port = 0xa03f, name = 'com.apple.tsm.portname'
See /usr/include/servers/bootstrap_defs.h for the error codes.
1515388076849	Marionette	INFO	Listening on port 52987
1515388077751	Marionette	WARN	TLS certificate errors will be ignored for this session
1515388077804	Marionette	DEBUG	Register listener.js for window 2147483649
1515388100822	geckodriver	INFO	geckodriver 0.19.1
1515388100891	geckodriver	INFO	Listening on 127.0.0.1:53007
1515388101013	mozrunner::runner	INFO	Running command: "/Applications/Firefox.app/Contents/MacOS/firefox-bin" "-marionette" "-profile" "/var/folders/55/3hhvyp4x22ncqxqjgsgftt200000gn/T/rust_mozprofile.EaSiXyOo5RGB"
1515388101490	Marionette	INFO	Enabled via --marionette
2018-01-08 00:08:22.332 plugin-container[65646:16067380] *** CFMessagePort: bootstrap_register(): failed 1100 (0x44c) 'Permission denied', port = 0xa03f, name = 'com.apple.tsm.portname'
See /usr/include/servers/bootstrap_defs.h for the error codes.
1515388102804	Marionette	INFO	Listening on port 53012
1515388103461	Marionette	WARN	TLS certificate errors will be ignored for this session
1515388103517	Marionette	DEBUG	Register listener.js for window 2147483649
1515388103532	Marionette	DEBUG	Received DOM event "beforeunload" for "about:blank"
1515388103962	Marionette	DEBUG	Received DOM event "pagehide" for "about:blank"
1515388103962	Marionette	DEBUG	Received DOM event "unload" for "about:blank"
*** UTM:SVC TimerManager:registerTimer called after profile-before-change notification. Ignoring timer registration for id: telemetry_modules_ping
1515388105484	Marionette	DEBUG	Received DOM event "DOMContentLoaded" for "https://www.facebook.com/"
1515388106508	Marionette	DEBUG	Received DOM event "pageshow" for "https://www.facebook.com/"
*** UTM:SVC TimerManager:registerTimer called after profile-before-change notification. Ignoring timer registration for id: telemetry_modules_ping
1515388159075	geckodriver	INFO	geckodriver 0.19.1
1515388159141	geckodriver	INFO	Listening on 127.0.0.1:53069
1515388159278	mozrunner::runner	INFO	Running command: "/Applications/Firefox.app/Contents/MacOS/firefox-bin" "-marionette" "-profile" "/var/folders/55/3hhvyp4x22ncqxqjgsgftt200000gn/T/rust_mozprofile.LsVi7F2QH8vm"
1515388159751	Marionette	INFO	Enabled via --marionette
2018-01-08 00:09:20.518 plugin-container[65667:16070635] *** CFMessagePort: bootstrap_register(): failed 1100 (0x44c) 'Permission denied', port = 0xa03f, name = 'com.apple.tsm.portname'
See /usr/include/servers/bootstrap_defs.h for the error codes.
1515388160895	Marionette	INFO	Listening on port 53074
1515388161731	Marionette	WARN	TLS certificate errors will be ignored for this session
1515388161778	Marionette	DEBUG	Register listener.js for window 2147483649
1515388170000	Marionette	DEBUG	Received DOM event "beforeunload" for "about:blank"
1515388170425	Marionette	DEBUG	Received DOM event "pagehide" for "about:blank"
1515388170425	Marionette	DEBUG	Received DOM event "unload" for "about:blank"
1515388171677	Marionette	DEBUG	Received DOM event "DOMContentLoaded" for "https://www.facebook.com/"
1515388172754	Marionette	DEBUG	Received DOM event "pageshow" for "https://www.facebook.com/"
2018-01-08 00:13:41.994 plugin-container[65714:16094368] *** CFMessagePort: bootstrap_register(): failed 1100 (0x44c) 'Permission denied', port = 0xa03f, name = 'com.apple.tsm.portname'
See /usr/include/servers/bootstrap_defs.h for the error codes.
1515388439986	geckodriver	INFO	geckodriver 0.19.1
1515388440053	geckodriver	INFO	Listening on 127.0.0.1:53157
1515388440232	mozrunner::runner	INFO	Running command: "/Applications/Firefox.app/Contents/MacOS/firefox-bin" "-marionette" "-profile" "/var/folders/55/3hhvyp4x22ncqxqjgsgftt200000gn/T/rust_mozprofile.LA402rP71trC"
1515388441220	Marionette	INFO	Enabled via --marionette
2018-01-08 00:14:01.977 plugin-container[65729:16095417] *** CFMessagePort: bootstrap_register(): failed 1100 (0x44c) 'Permission denied', port = 0xa23f, name = 'com.apple.tsm.portname'
See /usr/include/servers/bootstrap_defs.h for the error codes.
1515388442433	Marionette	INFO	Listening on port 53162
1515388442751	Marionette	WARN	TLS certificate errors will be ignored for this session
1515388442802	Marionette	DEBUG	Register listener.js for window 2147483649
1515388448129	Marionette	DEBUG	Received DOM event "beforeunload" for "about:blank"
1515388448467	Marionette	DEBUG	Received DOM event "pagehide" for "about:blank"
1515388448467	Marionette	DEBUG	Received DOM event "unload" for "about:blank"
1515388449922	Marionette	DEBUG	Received DOM event "DOMContentLoaded" for "https://www.facebook.com/"
1515388451197	Marionette	DEBUG	Received DOM event "pageshow" for "https://www.facebook.com/"
1515388469446	geckodriver	INFO	geckodriver 0.19.1
1515388469516	geckodriver	INFO	Listening on 127.0.0.1:53202
1515388469670	mozrunner::runner	INFO	Running command: "/Applications/Firefox.app/Contents/MacOS/firefox-bin" "-marionette" "-profile" "/var/folders/55/3hhvyp4x22ncqxqjgsgftt200000gn/T/rust_mozprofile.kWMDARQuUSRc"
1515388470664	Marionette	INFO	Enabled via --marionette
2018-01-08 00:14:31.515 plugin-container[65740:16096695] *** CFMessagePort: bootstrap_register(): failed 1100 (0x44c) 'Permission denied', port = 0xa03f, name = 'com.apple.tsm.portname'
See /usr/include/servers/bootstrap_defs.h for the error codes.
1515388472052	Marionette	INFO	Listening on port 53207
1515388472197	Marionette	WARN	TLS certificate errors will be ignored for this session
1515388472254	Marionette	DEBUG	Register listener.js for window 2147483649
*** UTM:SVC TimerManager:registerTimer called after profile-before-change notification. Ignoring timer registration for id: telemetry_modules_ping
*** UTM:SVC TimerManager:registerTimer called after profile-before-change notification. Ignoring timer registration for id: telemetry_modules_ping
1515388488057	geckodriver	INFO	geckodriver 0.19.1
1515388488124	geckodriver	INFO	Listening on 127.0.0.1:53229
1515388488277	mozrunner::runner	INFO	Running command: "/Applications/Firefox.app/Contents/MacOS/firefox-bin" "-marionette" "-profile" "/var/folders/55/3hhvyp4x22ncqxqjgsgftt200000gn/T/rust_mozprofile.tGa52Cf1Tj69"
1515388489317	Marionette	INFO	Enabled via --marionette
2018-01-08 00:14:50.067 plugin-container[65756:16097508] *** CFMessagePort: bootstrap_register(): failed 1100 (0x44c) 'Permission denied', port = 0xa23f, name = 'com.apple.tsm.portname'
See /usr/include/servers/bootstrap_defs.h for the error codes.
1515388490529	Marionette	INFO	Listening on port 53234
1515388490740	Marionette	WARN	TLS certificate errors will be ignored for this session
1515388490795	Marionette	DEBUG	Register listener.js for window 2147483649
1515388497917	Marionette	DEBUG	Received DOM event "beforeunload" for "about:blank"
1515388498360	Marionette	DEBUG	Received DOM event "pagehide" for "about:blank"
1515388498360	Marionette	DEBUG	Received DOM event "unload" for "about:blank"
1515388499562	Marionette	DEBUG	Received DOM event "DOMContentLoaded" for "https://www.facebook.com/"
1515388500500	Marionette	DEBUG	Received DOM event "pageshow" for "https://www.facebook.com/"
1515388525687	geckodriver	INFO	geckodriver 0.19.1
1515388525754	geckodriver	INFO	Listening on 127.0.0.1:53284
1515388525865	mozrunner::runner	INFO	Running command: "/Applications/Firefox.app/Contents/MacOS/firefox-bin" "-marionette" "-profile" "/var/folders/55/3hhvyp4x22ncqxqjgsgftt200000gn/T/rust_mozprofile.4nKYMfCr5xF2"
1515388526760	Marionette	INFO	Enabled via --marionette
2018-01-08 00:15:27.608 plugin-container[65774:16098723] *** CFMessagePort: bootstrap_register(): failed 1100 (0x44c) 'Permission denied', port = 0xa13f, name = 'com.apple.tsm.portname'
See /usr/include/servers/bootstrap_defs.h for the error codes.
1515388528552	Marionette	INFO	Listening on port 53289
1515388529529	Marionette	WARN	TLS certificate errors will be ignored for this session
1515388529587	Marionette	DEBUG	Register listener.js for window 2147483649
*** UTM:SVC TimerManager:registerTimer called after profile-before-change notification. Ignoring timer registration for id: telemetry_modules_ping
1515388532356	Marionette	DEBUG	Received DOM event "beforeunload" for "about:blank"
1515388532732	Marionette	DEBUG	Received DOM event "pagehide" for "about:blank"
1515388532732	Marionette	DEBUG	Received DOM event "unload" for "about:blank"
1515388534060	Marionette	DEBUG	Received DOM event "DOMContentLoaded" for "https://www.facebook.com/"
1515388535151	Marionette	DEBUG	Received DOM event "pageshow" for "https://www.facebook.com/"
1515388625404	geckodriver	INFO	geckodriver 0.19.1
1515388625502	geckodriver	INFO	Listening on 127.0.0.1:53346
1515388625931	mozrunner::runner	INFO	Running command: "/Applications/Firefox.app/Contents/MacOS/firefox-bin" "-marionette" "-profile" "/var/folders/55/3hhvyp4x22ncqxqjgsgftt200000gn/T/rust_mozprofile.xShQvn3aceTE"
1515388628241	Marionette	INFO	Enabled via --marionette
2018-01-08 00:17:09.350 plugin-container[65806:16105267] *** CFMessagePort: bootstrap_register(): failed 1100 (0x44c) 'Permission denied', port = 0xa13f, name = 'com.apple.tsm.portname'
See /usr/include/servers/bootstrap_defs.h for the error codes.
1515388630100	Marionette	INFO	Listening on port 53351
1515388630802	Marionette	WARN	TLS certificate errors will be ignored for this session
1515388630854	Marionette	DEBUG	Register listener.js for window 2147483649
1515388632176	Marionette	DEBUG	Received DOM event "beforeunload" for "about:blank"
1515388632542	Marionette	DEBUG	Received DOM event "pagehide" for "about:blank"
1515388632542	Marionette	DEBUG	Received DOM event "unload" for "about:blank"
1515388633862	Marionette	DEBUG	Received DOM event "DOMContentLoaded" for "https://www.facebook.com/"
1515388634900	Marionette	DEBUG	Received DOM event "pageshow" for "https://www.facebook.com/"
1515388652838	geckodriver	INFO	geckodriver 0.19.1
1515388652908	geckodriver	INFO	Listening on 127.0.0.1:53402
1515388653045	mozrunner::runner	INFO	Running command: "/Applications/Firefox.app/Contents/MacOS/firefox-bin" "-marionette" "-profile" "/var/folders/55/3hhvyp4x22ncqxqjgsgftt200000gn/T/rust_mozprofile.4e49KBbdzq57"
1515388653543	Marionette	INFO	Enabled via --marionette
2018-01-08 00:17:34.696 plugin-container[65815:16106459] *** CFMessagePort: bootstrap_register(): failed 1100 (0x44c) 'Permission denied', port = 0xa243, name = 'com.apple.tsm.portname'
See /usr/include/servers/bootstrap_defs.h for the error codes.
*** UTM:SVC TimerManager:registerTimer called after profile-before-change notification. Ignoring timer registration for id: telemetry_modules_ping
1515388655388	Marionette	INFO	Listening on port 53407
1515388655491	Marionette	WARN	TLS certificate errors will be ignored for this session
1515388655550	Marionette	DEBUG	Register listener.js for window 2147483649
1515388657217	Marionette	DEBUG	Received DOM event "beforeunload" for "about:blank"
1515388657548	Marionette	DEBUG	Received DOM event "pagehide" for "about:blank"
1515388657548	Marionette	DEBUG	Received DOM event "unload" for "about:blank"
1515388658915	Marionette	DEBUG	Received DOM event "DOMContentLoaded" for "https://www.facebook.com/"
1515388659986	Marionette	DEBUG	Received DOM event "pageshow" for "https://www.facebook.com/"
1515388660373	Marionette	DEBUG	Canceled page load listener because no navigation has been detected
1515388669259	geckodriver	INFO	geckodriver 0.19.1
1515388669325	geckodriver	INFO	Listening on 127.0.0.1:53452
1515388669620	mozrunner::runner	INFO	Running command: "/Applications/Firefox.app/Contents/MacOS/firefox-bin" "-marionette" "-profile" "/var/folders/55/3hhvyp4x22ncqxqjgsgftt200000gn/T/rust_mozprofile.RJ19MfLVYOlD"
1515388671053	Marionette	INFO	Enabled via --marionette
2018-01-08 00:17:52.018 plugin-container[65823:16107087] *** CFMessagePort: bootstrap_register(): failed 1100 (0x44c) 'Permission denied', port = 0xa03f, name = 'com.apple.tsm.portname'
See /usr/include/servers/bootstrap_defs.h for the error codes.
*** UTM:SVC TimerManager:registerTimer called after profile-before-change notification. Ignoring timer registration for id: telemetry_modules_ping
1515388672495	Marionette	INFO	Listening on port 53457
1515388673301	Marionette	WARN	TLS certificate errors will be ignored for this session
1515388673352	Marionette	DEBUG	Register listener.js for window 2147483649
1515388680275	Marionette	DEBUG	Received DOM event "beforeunload" for "about:blank"
1515388680655	Marionette	DEBUG	Received DOM event "pagehide" for "about:blank"
1515388680655	Marionette	DEBUG	Received DOM event "unload" for "about:blank"
1515388681981	Marionette	DEBUG	Received DOM event "DOMContentLoaded" for "https://www.facebook.com/"
1515388683050	Marionette	DEBUG	Received DOM event "pageshow" for "https://www.facebook.com/"
1515388683481	Marionette	DEBUG	Canceled page load listener because no navigation has been detected
1515388792387	geckodriver	INFO	geckodriver 0.19.1
1515388792453	geckodriver	INFO	Listening on 127.0.0.1:53510
1515388792617	mozrunner::runner	INFO	Running command: "/Applications/Firefox.app/Contents/MacOS/firefox-bin" "-marionette" "-profile" "/var/folders/55/3hhvyp4x22ncqxqjgsgftt200000gn/T/rust_mozprofile.eTHPqfxsrzpQ"
1515388793387	Marionette	INFO	Enabled via --marionette
2018-01-08 00:19:54.691 plugin-container[65843:16112718] *** CFMessagePort: bootstrap_register(): failed 1100 (0x44c) 'Permission denied', port = 0xa243, name = 'com.apple.tsm.portname'
See /usr/include/servers/bootstrap_defs.h for the error codes.
1515388795208	Marionette	INFO	Listening on port 53515
1515388795655	addons.xpi	WARN	Exception running bootstrap method shutdown on activity-stream@mozilla.org: [Exception... "Component returned failure code: 0x80004005 (NS_ERROR_FAILURE) [nsIObserverService.removeObserver]"  nsresult: "0x80004005 (NS_ERROR_FAILURE)"  location: "JS frame :: resource://activity-stream/lib/SnippetsFeed.jsm :: uninit :: line 123"  data: no] Stack trace: uninit()@resource://activity-stream/lib/SnippetsFeed.jsm:123 < onAction()@resource://activity-stream/lib/SnippetsFeed.jsm:138 < _middleware/</<()@resource://activity-stream/lib/Store.jsm:52 < Store/this[method]()@resource://activity-stream/lib/Store.jsm:31 < uninit()@resource://activity-stream/lib/Store.jsm:151 < uninit()@resource://activity-stream/lib/ActivityStream.jsm:266 < uninit()@resource://gre/modules/addons/XPIProvider.jsm -> jar:file:///Applications/Firefox.app/Contents/Resources/browser/features/activity-stream@mozilla.org.xpi!/bootstrap.js:80 < shutdown()@resource://gre/modules/addons/XPIProvider.jsm -> jar:file:///Applications/Firefox.app/Contents/Resources/browser/features/activity-stream@mozilla.org.xpi!/bootstrap.js:196 < callBootstrapMethod()@resource://gre/modules/addons/XPIProvider.jsm:4509 < observe()@resource://gre/modules/addons/XPIProvider.jsm:2281
*** UTM:SVC TimerManager:registerTimer called after profile-before-change notification. Ignoring timer registration for id: telemetry_modules_ping
JavaScript error: resource://gre/modules/osfile/osfile_async_front.jsm, line 410: Error: OS.File has been shut down. Rejecting post to DirectoryIterator_prototype_close
JavaScript error: resource://gre/modules/osfile/osfile_async_front.jsm, line 410: Error: OS.File has been shut down. Rejecting post to DirectoryIterator_prototype_close
JavaScript error: resource://gre/modules/ProfileAge.jsm, line 176: Error: Unable to fetch oldest profile entry: Error: OS.File has been shut down. Rejecting request to DirectoryIterator_prototype_next
JavaScript error: resource://gre/modules/ProfileAge.jsm, line 176: Error: Unable to fetch oldest profile entry: Error: OS.File has been shut down. Rejecting post to DirectoryIterator_prototype_next
1515388800116	geckodriver	INFO	geckodriver 0.19.1
1515388800185	geckodriver	INFO	Listening on 127.0.0.1:53527
1515388800496	mozrunner::runner	INFO	Running command: "/Applications/Firefox.app/Contents/MacOS/firefox-bin" "-marionette" "-profile" "/var/folders/55/3hhvyp4x22ncqxqjgsgftt200000gn/T/rust_mozprofile.7m82O0vFnIDi"
1515388801858	Marionette	INFO	Enabled via --marionette
2018-01-08 00:20:02.708 plugin-container[65852:16113265] *** CFMessagePort: bootstrap_register(): failed 1100 (0x44c) 'Permission denied', port = 0xa03f, name = 'com.apple.tsm.portname'
See /usr/include/servers/bootstrap_defs.h for the error codes.
1515388803159	Marionette	INFO	Listening on port 53532
1515388803468	addons.xpi	WARN	Exception running bootstrap method shutdown on activity-stream@mozilla.org: [Exception... "Component returned failure code: 0x80004005 (NS_ERROR_FAILURE) [nsIObserverService.removeObserver]"  nsresult: "0x80004005 (NS_ERROR_FAILURE)"  location: "JS frame :: resource://activity-stream/lib/SnippetsFeed.jsm :: uninit :: line 123"  data: no] Stack trace: uninit()@resource://activity-stream/lib/SnippetsFeed.jsm:123 < onAction()@resource://activity-stream/lib/SnippetsFeed.jsm:138 < _middleware/</<()@resource://activity-stream/lib/Store.jsm:52 < Store/this[method]()@resource://activity-stream/lib/Store.jsm:31 < uninit()@resource://activity-stream/lib/Store.jsm:151 < uninit()@resource://activity-stream/lib/ActivityStream.jsm:266 < uninit()@resource://gre/modules/addons/XPIProvider.jsm -> jar:file:///Applications/Firefox.app/Contents/Resources/browser/features/activity-stream@mozilla.org.xpi!/bootstrap.js:80 < shutdown()@resource://gre/modules/addons/XPIProvider.jsm -> jar:file:///Applications/Firefox.app/Contents/Resources/browser/features/activity-stream@mozilla.org.xpi!/bootstrap.js:196 < callBootstrapMethod()@resource://gre/modules/addons/XPIProvider.jsm:4509 < observe()@resource://gre/modules/addons/XPIProvider.jsm:2281
*** UTM:SVC TimerManager:registerTimer called after profile-before-change notification. Ignoring timer registration for id: telemetry_modules_ping

###!!! [Parent][RunMessage] Error: Channel closing: too late to send/recv, messages will be lost

1515388810922	geckodriver	INFO	geckodriver 0.19.1
1515388810990	geckodriver	INFO	Listening on 127.0.0.1:53563
1515388811119	mozrunner::runner	INFO	Running command: "/Applications/Firefox.app/Contents/MacOS/firefox-bin" "-marionette" "-profile" "/var/folders/55/3hhvyp4x22ncqxqjgsgftt200000gn/T/rust_mozprofile.9YjCBTOisfMt"
1515388811604	Marionette	INFO	Enabled via --marionette
2018-01-08 00:20:12.376 plugin-container[65859:16113960] *** CFMessagePort: bootstrap_register(): failed 1100 (0x44c) 'Permission denied', port = 0xa13f, name = 'com.apple.tsm.portname'
See /usr/include/servers/bootstrap_defs.h for the error codes.
1515388812759	Marionette	INFO	Listening on port 53568
1515388813569	Marionette	WARN	TLS certificate errors will be ignored for this session
1515388813615	Marionette	DEBUG	Register listener.js for window 2147483649
1515388814846	Marionette	DEBUG	Received DOM event "beforeunload" for "about:blank"
1515388815322	Marionette	DEBUG	Received DOM event "pagehide" for "about:blank"
1515388815322	Marionette	DEBUG	Received DOM event "unload" for "about:blank"
1515388816735	Marionette	DEBUG	Received DOM event "DOMContentLoaded" for "https://www.facebook.com/"
1515388817741	Marionette	DEBUG	Received DOM event "pageshow" for "https://www.facebook.com/"
*** UTM:SVC TimerManager:registerTimer called after profile-before-change notification. Ignoring timer registration for id: telemetry_modules_ping
1515388834508	geckodriver	INFO	geckodriver 0.19.1
1515388834573	geckodriver	INFO	Listening on 127.0.0.1:53610
1515388834686	mozrunner::runner	INFO	Running command: "/Applications/Firefox.app/Contents/MacOS/firefox-bin" "-marionette" "-profile" "/var/folders/55/3hhvyp4x22ncqxqjgsgftt200000gn/T/rust_mozprofile.oO34VI1QaxVp"
1515388835185	Marionette	INFO	Enabled via --marionette
2018-01-08 00:20:35.956 plugin-container[65868:16114902] *** CFMessagePort: bootstrap_register(): failed 1100 (0x44c) 'Permission denied', port = 0xa03f, name = 'com.apple.tsm.portname'
See /usr/include/servers/bootstrap_defs.h for the error codes.
1515388836337	Marionette	INFO	Listening on port 53615
1515388837143	Marionette	WARN	TLS certificate errors will be ignored for this session
1515388837193	Marionette	DEBUG	Register listener.js for window 2147483649
1515388839240	Marionette	DEBUG	Received DOM event "beforeunload" for "about:blank"
1515388839637	Marionette	DEBUG	Received DOM event "pagehide" for "about:blank"
1515388839637	Marionette	DEBUG	Received DOM event "unload" for "about:blank"
1515388840836	Marionette	DEBUG	Received DOM event "DOMContentLoaded" for "https://www.facebook.com/"
1515388841792	Marionette	DEBUG	Received DOM event "pageshow" for "https://www.facebook.com/"
1515388841954	Marionette	DEBUG	Received DOM event "beforeunload" for "https://www.facebook.com/"
1515388842287	Marionette	DEBUG	Received DOM event "pagehide" for "https://www.facebook.com/"
1515388842290	Marionette	DEBUG	Received DOM event "unload" for "https://www.facebook.com/"
1515388842698	Marionette	DEBUG	Received DOM event "DOMContentLoaded" for "https://www.facebook.com/login.php?login_attempt=1&lwv=110"
1515388842699	Marionette	DEBUG	Received observer notification "outer-window-destroyed" for "2147483653"
1515388843167	Marionette	DEBUG	Received DOM event "pageshow" for "https://www.facebook.com/login.php?login_attempt=1&lwv=110"
1515389136286	geckodriver	INFO	geckodriver 0.19.1
1515389136352	geckodriver	INFO	Listening on 127.0.0.1:53692
1515389136462	mozrunner::runner	INFO	Running command: "/Applications/Firefox.app/Contents/MacOS/firefox-bin" "-marionette" "-profile" "/var/folders/55/3hhvyp4x22ncqxqjgsgftt200000gn/T/rust_mozprofile.z8x9Ss6Svev4"
1515389136942	Marionette	INFO	Enabled via --marionette
2018-01-08 00:25:37.711 plugin-container[65928:16128652] *** CFMessagePort: bootstrap_register(): failed 1100 (0x44c) 'Permission denied', port = 0xa03f, name = 'com.apple.tsm.portname'
See /usr/include/servers/bootstrap_defs.h for the error codes.
1515389138126	Marionette	INFO	Listening on port 53697
1515389138921	Marionette	WARN	TLS certificate errors will be ignored for this session
1515389138979	Marionette	DEBUG	Register listener.js for window 2147483649
1515389141409	Marionette	DEBUG	Received DOM event "beforeunload" for "about:blank"
1515389141919	Marionette	DEBUG	Received DOM event "pagehide" for "about:blank"
1515389141919	Marionette	DEBUG	Received DOM event "unload" for "about:blank"
1515389143252	Marionette	DEBUG	Received DOM event "DOMContentLoaded" for "https://www.facebook.com/"
1515389144295	Marionette	DEBUG	Received DOM event "pageshow" for "https://www.facebook.com/"
1515389178462	geckodriver	INFO	geckodriver 0.19.1
1515389178528	geckodriver	INFO	Listening on 127.0.0.1:53741
1515389178665	mozrunner::runner	INFO	Running command: "/Applications/Firefox.app/Contents/MacOS/firefox-bin" "-marionette" "-profile" "/var/folders/55/3hhvyp4x22ncqxqjgsgftt200000gn/T/rust_mozprofile.kCG1Dv7M6yig"
1515389179678	Marionette	INFO	Enabled via --marionette
2018-01-08 00:26:20.472 plugin-container[65946:16130892] *** CFMessagePort: bootstrap_register(): failed 1100 (0x44c) 'Permission denied', port = 0xa13f, name = 'com.apple.tsm.portname'
See /usr/include/servers/bootstrap_defs.h for the error codes.
1515389181022	Marionette	INFO	Listening on port 53746
1515389181098	Marionette	WARN	TLS certificate errors will be ignored for this session
1515389181160	Marionette	DEBUG	Register listener.js for window 2147483649
*** UTM:SVC TimerManager:registerTimer called after profile-before-change notification. Ignoring timer registration for id: telemetry_modules_ping
1515389184515	Marionette	DEBUG	Received DOM event "beforeunload" for "about:blank"
1515389185523	Marionette	DEBUG	Received DOM event "pagehide" for "about:blank"
1515389185523	Marionette	DEBUG	Received DOM event "unload" for "about:blank"
1515389186894	Marionette	DEBUG	Received DOM event "DOMContentLoaded" for "https://www.facebook.com/"
1515389187832	Marionette	DEBUG	Received DOM event "pageshow" for "https://www.facebook.com/"
1515389208840	geckodriver	INFO	geckodriver 0.19.1
1515389208907	geckodriver	INFO	Listening on 127.0.0.1:53791
1515389209016	mozrunner::runner	INFO	Running command: "/Applications/Firefox.app/Contents/MacOS/firefox-bin" "-marionette" "-profile" "/var/folders/55/3hhvyp4x22ncqxqjgsgftt200000gn/T/rust_mozprofile.1WFRz0HsHVtw"
1515389210087	Marionette	INFO	Enabled via --marionette
2018-01-08 00:26:50.906 plugin-container[65955:16132253] *** CFMessagePort: bootstrap_register(): failed 1100 (0x44c) 'Permission denied', port = 0xa13f, name = 'com.apple.tsm.portname'
See /usr/include/servers/bootstrap_defs.h for the error codes.
1515389211430	Marionette	INFO	Listening on port 53796
1515389211445	Marionette	WARN	TLS certificate errors will be ignored for this session
1515389211515	Marionette	DEBUG	Register listener.js for window 2147483649
*** UTM:SVC TimerManager:registerTimer called after profile-before-change notification. Ignoring timer registration for id: telemetry_modules_ping
1515389213596	Marionette	DEBUG	Received DOM event "beforeunload" for "about:blank"
1515389214315	Marionette	DEBUG	Received DOM event "pagehide" for "about:blank"
1515389214315	Marionette	DEBUG	Received DOM event "unload" for "about:blank"
1515389215672	Marionette	DEBUG	Received DOM event "DOMContentLoaded" for "https://www.facebook.com/"
1515389216733	Marionette	DEBUG	Received DOM event "pageshow" for "https://www.facebook.com/"
1515389216879	Marionette	DEBUG	Received DOM event "beforeunload" for "https://www.facebook.com/"
1515389217370	Marionette	DEBUG	Received DOM event "pagehide" for "https://www.facebook.com/"
1515389217372	Marionette	DEBUG	Received DOM event "unload" for "https://www.facebook.com/"
1515389217778	Marionette	DEBUG	Received DOM event "DOMContentLoaded" for "https://www.facebook.com/login.php?login_attempt=1&lwv=110"
1515389217779	Marionette	DEBUG	Received observer notification "outer-window-destroyed" for "2147483653"
1515389218270	Marionette	DEBUG	Received DOM event "pageshow" for "https://www.facebook.com/login.php?login_attempt=1&lwv=110"
1515389228009	geckodriver	INFO	geckodriver 0.19.1
1515389228083	geckodriver	INFO	Listening on 127.0.0.1:53846
1515389228370	mozrunner::runner	INFO	Running command: "/Applications/Firefox.app/Contents/MacOS/firefox-bin" "-marionette" "-profile" "/var/folders/55/3hhvyp4x22ncqxqjgsgftt200000gn/T/rust_mozprofile.rzP1spAtZ3WG"
1515389229475	Marionette	INFO	Enabled via --marionette
*** UTM:SVC TimerManager:registerTimer called after profile-before-change notification. Ignoring timer registration for id: telemetry_modules_ping
2018-01-08 00:27:10.396 plugin-container[65979:16133322] *** CFMessagePort: bootstrap_register(): failed 1100 (0x44c) 'Permission denied', port = 0x9f43, name = 'com.apple.tsm.portname'
See /usr/include/servers/bootstrap_defs.h for the error codes.
1515389230907	Marionette	INFO	Listening on port 53851
1515389232037	Marionette	WARN	TLS certificate errors will be ignored for this session
1515389232084	Marionette	DEBUG	Register listener.js for window 2147483649
1515389233070	Marionette	DEBUG	Received DOM event "beforeunload" for "about:blank"
1515389233491	Marionette	DEBUG	Received DOM event "pagehide" for "about:blank"
1515389233491	Marionette	DEBUG	Received DOM event "unload" for "about:blank"
1515389234768	Marionette	DEBUG	Received DOM event "DOMContentLoaded" for "https://www.facebook.com/"
1515389235714	Marionette	DEBUG	Received DOM event "pageshow" for "https://www.facebook.com/"
1515389235873	Marionette	DEBUG	Received DOM event "beforeunload" for "https://www.facebook.com/"
1515389236239	Marionette	DEBUG	Received DOM event "pagehide" for "https://www.facebook.com/"
1515389236242	Marionette	DEBUG	Received DOM event "unload" for "https://www.facebook.com/"
1515389236630	Marionette	DEBUG	Received DOM event "DOMContentLoaded" for "https://www.facebook.com/login.php?login_attempt=1&lwv=110"
1515389236631	Marionette	DEBUG	Received observer notification "outer-window-destroyed" for "2147483653"
1515389237070	Marionette	DEBUG	Received DOM event "pageshow" for "https://www.facebook.com/login.php?login_attempt=1&lwv=110"
1515389273171	geckodriver	INFO	geckodriver 0.19.1
1515389273239	geckodriver	INFO	Listening on 127.0.0.1:53905
1515389273359	mozrunner::runner	INFO	Running command: "/Applications/Firefox.app/Contents/MacOS/firefox-bin" "-marionette" "-profile" "/var/folders/55/3hhvyp4x22ncqxqjgsgftt200000gn/T/rust_mozprofile.MQNnF8nwSKtw"
1515389273861	Marionette	INFO	Enabled via --marionette
2018-01-08 00:27:54.687 plugin-container[65989:16135057] *** CFMessagePort: bootstrap_register(): failed 1100 (0x44c) 'Permission denied', port = 0xa03f, name = 'com.apple.tsm.portname'
See /usr/include/servers/bootstrap_defs.h for the error codes.
1515389275113	Marionette	INFO	Listening on port 53910
1515389275801	Marionette	WARN	TLS certificate errors will be ignored for this session
1515389275855	Marionette	DEBUG	Register listener.js for window 2147483649
*** UTM:SVC TimerManager:registerTimer called after profile-before-change notification. Ignoring timer registration for id: telemetry_modules_ping
1515389282271	Marionette	DEBUG	Received DOM event "beforeunload" for "about:blank"
1515389282697	Marionette	DEBUG	Received DOM event "pagehide" for "about:blank"
1515389282698	Marionette	DEBUG	Received DOM event "unload" for "about:blank"
1515389284214	Marionette	DEBUG	Received DOM event "DOMContentLoaded" for "https://www.facebook.com/"
1515389285088	Marionette	DEBUG	Received DOM event "pageshow" for "https://www.facebook.com/"
1515389285247	Marionette	DEBUG	Received DOM event "beforeunload" for "https://www.facebook.com/"
1515389286282	Marionette	DEBUG	Received DOM event "pagehide" for "https://www.facebook.com/"
1515389286285	Marionette	DEBUG	Received DOM event "unload" for "https://www.facebook.com/"
1515389286681	Marionette	DEBUG	Received observer notification "outer-window-destroyed" for "2147483653"
1515389286682	Marionette	DEBUG	Received DOM event "DOMContentLoaded" for "https://www.facebook.com/login.php?login_attempt=1&lwv=110"
1515389287159	Marionette	DEBUG	Received DOM event "pageshow" for "https://www.facebook.com/login.php?login_attempt=1&lwv=110"
*** UTM:SVC TimerManager:registerTimer called after profile-before-change notification. Ignoring timer registration for id: telemetry_modules_ping
